<?xml version="1.0" encoding="UTF-8"?>
<testsuite xmlns:xsi="http://www.w3.org/2001/XMLSchema-instance" xsi:noNamespaceSchemaLocation="https://maven.apache.org/surefire/maven-surefire-plugin/xsd/surefire-test-report.xsd" name="BrasilPrevChallenge" time="2.081" tests="5" errors="0" skipped="0" failures="0">
  <properties>
[...]
</properties>
  <testcase name="cenario01inserirPessoa" classname="BrasilPrevChallenge" time="1.619"/>
  <testcase name="cenario01inserirPessoaComMesmoCPF" classname="BrasilPrevChallenge" time="0.044"/>
  <testcase name="cenario01inserirPessoaComMesmoTelefone" classname="BrasilPrevChallenge" time="0.064"/>
  <testcase name="cenario02PesquisarPessoaCadastrada" classname="BrasilPrevChallenge" time="0.089"/>
  <testcase name="cenario03RetornaErroQuandoTelefoneEhInexistente" classname="BrasilPrevChallenge" time="0.024"/>
</testsuite>